-------------------------------------------------------------------------------
Test set: com.nt.tes.AppTest
-------------------------------------------------------------------------------
Tests run: 4, Failures: 4, Errors: 0, Skipped: 0, Time elapsed: 0.005 s <<< FAILURE! - in com.nt.tes.AppTest
com.nt.tes.AppTest.testwithmixedvalues()  Time elapsed: 0.002 s  <<< FAILURE!
java.lang.NullPointerException: Cannot invoke "com.nt.Arthametic.sum(int, int)" because "com.nt.tes.AppTest.arr" is null
	at com.nt.tes.AppTest.testwithmixedvalues(AppTest.java:72)

com.nt.tes.AppTest.testwithpositives()  Time elapsed: 0.001 s  <<< FAILURE!
java.lang.NullPointerException: Cannot invoke "com.nt.Arthametic.sum(int, int)" because "com.nt.tes.AppTest.arr" is null
	at com.nt.tes.AppTest.testwithpositives(AppTest.java:30)

com.nt.tes.AppTest.testwithzeros()  Time elapsed: 0 s  <<< FAILURE!
java.lang.NullPointerException: Cannot invoke "com.nt.Arthametic.sum(int, int)" because "com.nt.tes.AppTest.arr" is null
	at com.nt.tes.AppTest.testwithzeros(AppTest.java:53)

com.nt.tes.AppTest.testwithnegitives()  Time elapsed: 0 s  <<< FAILURE!
java.lang.NullPointerException: Cannot invoke "com.nt.Arthametic.sum(int, int)" because "com.nt.tes.AppTest.arr" is null
	at com.nt.tes.AppTest.testwithnegitives(AppTest.java:42)

