<?xml version="1.0" encoding="UTF-8"?>
<testsuite xmlns:xsi="http://www.w3.org/2001/XMLSchema-instance" xsi:noNamespaceSchemaLocation="https://maven.apache.org/surefire/maven-surefire-plugin/xsd/surefire-test-report.xsd" name="com.nt.tes.AppTest" time="0.005" tests="4" errors="0" skipped="0" failures="4">
  <properties>
[...]
</properties>
  <testcase name="com.nt.tes.AppTest.testwithmixedvalues" classname="com.nt.tes.AppTest" time="0.002">
    <failure message="Cannot invoke &quot;com.nt.Arthametic.sum(int, int)&quot; because &quot;com.nt.tes.AppTest.arr&quot; is null" type="java.lang.NullPointerException">java.lang.NullPointerException: Cannot invoke "com.nt.Arthametic.sum(int, int)" because "com.nt.tes.AppTest.arr" is null
	at com.nt.tes.AppTest.testwithmixedvalues(AppTest.java:72)
</failure>
    <system-out><![CDATA[mixed values
]]></system-out>
  </testcase>
  <testcase name="com.nt.tes.AppTest.testwithpositives" classname="com.nt.tes.AppTest" time="0.001">
    <failure message="Cannot invoke &quot;com.nt.Arthametic.sum(int, int)&quot; because &quot;com.nt.tes.AppTest.arr&quot; is null" type="java.lang.NullPointerException">java.lang.NullPointerException: Cannot invoke "com.nt.Arthametic.sum(int, int)" because "com.nt.tes.AppTest.arr" is null
	at com.nt.tes.AppTest.testwithpositives(AppTest.java:30)
</failure>
    <system-out><![CDATA[possitive
]]></system-out>
  </testcase>
  <testcase name="com.nt.tes.AppTest.testwithzeros" classname="com.nt.tes.AppTest" time="0">
    <failure message="Cannot invoke &quot;com.nt.Arthametic.sum(int, int)&quot; because &quot;com.nt.tes.AppTest.arr&quot; is null" type="java.lang.NullPointerException">java.lang.NullPointerException: Cannot invoke "com.nt.Arthametic.sum(int, int)" because "com.nt.tes.AppTest.arr" is null
	at com.nt.tes.AppTest.testwithzeros(AppTest.java:53)
</failure>
    <system-out><![CDATA[zeros
]]></system-out>
  </testcase>
  <testcase name="com.nt.tes.AppTest.testwithnegitives" classname="com.nt.tes.AppTest" time="0">
    <failure message="Cannot invoke &quot;com.nt.Arthametic.sum(int, int)&quot; because &quot;com.nt.tes.AppTest.arr&quot; is null" type="java.lang.NullPointerException">java.lang.NullPointerException: Cannot invoke "com.nt.Arthametic.sum(int, int)" because "com.nt.tes.AppTest.arr" is null
	at com.nt.tes.AppTest.testwithnegitives(AppTest.java:42)
</failure>
    <system-out><![CDATA[negative
]]></system-out>
  </testcase>
</testsuite>