<?xml version="1.0" encoding="UTF-8"?>
<testsuite xmlns:xsi="http://www.w3.org/2001/XMLSchema-instance" xsi:noNamespaceSchemaLocation="https://maven.apache.org/surefire/maven-surefire-plugin/xsd/surefire-test-report.xsd" name="com.nt.tes.AppTest" time="0.005" tests="4" errors="0" skipped="0" failures="4">
  <properties>
    <property name="java.specification.version" value="17"/>
    <property name="sun.cpu.isalist" value="amd64"/>
    <property name="sun.jnu.encoding" value="Cp1252"/>
    <property name="java.class.path" value="C:\Users\srinu\eclipse-workspacesMaven\Ioc2Junittest\target\test-classes;C:\Users\srinu\eclipse-workspacesMaven\Ioc2Junittest\target\classes;C:\Users\srinu\.m2\repository\org\junit\jupiter\junit-jupiter-api\5.10.2\junit-jupiter-api-5.10.2.jar;C:\Users\srinu\.m2\repository\org\opentest4j\opentest4j\1.3.0\opentest4j-1.3.0.jar;C:\Users\srinu\.m2\repository\org\junit\platform\junit-platform-commons\1.10.2\junit-platform-commons-1.10.2.jar;C:\Users\srinu\.m2\repository\org\apiguardian\apiguardian-api\1.1.2\apiguardian-api-1.1.2.jar;C:\Users\srinu\.m2\repository\org\junit\jupiter\junit-jupiter-params\5.10.2\junit-jupiter-params-5.10.2.jar;"/>
    <property name="java.vm.vendor" value="Oracle Corporation"/>
    <property name="sun.arch.data.model" value="64"/>
    <property name="user.variant" value=""/>
    <property name="java.vendor.url" value="https://java.oracle.com/"/>
    <property name="user.timezone" value="Asia/Calcutta"/>
    <property name="os.name" value="Windows 11"/>
    <property name="java.vm.specification.version" value="17"/>
    <property name="sun.java.launcher" value="SUN_STANDARD"/>
    <property name="user.country" value="IN"/>
    <property name="sun.boot.library.path" value="C:\Program Files\Java\jdk-17\bin"/>
    <property name="sun.java.command" value="C:\Users\srinu\AppData\Local\Temp\surefire11733892413566993578\surefirebooter1167891821863498061.jar C:\Users\srinu\AppData\Local\Temp\surefire11733892413566993578 2024-02-19T12-52-20_553-jvmRun1 surefire1966034741319392243tmp surefire_0100112129120084691tmp"/>
    <property name="jdk.debug" value="release"/>
    <property name="surefire.test.class.path" value="C:\Users\srinu\eclipse-workspacesMaven\Ioc2Junittest\target\test-classes;C:\Users\srinu\eclipse-workspacesMaven\Ioc2Junittest\target\classes;C:\Users\srinu\.m2\repository\org\junit\jupiter\junit-jupiter-api\5.10.2\junit-jupiter-api-5.10.2.jar;C:\Users\srinu\.m2\repository\org\opentest4j\opentest4j\1.3.0\opentest4j-1.3.0.jar;C:\Users\srinu\.m2\repository\org\junit\platform\junit-platform-commons\1.10.2\junit-platform-commons-1.10.2.jar;C:\Users\srinu\.m2\repository\org\apiguardian\apiguardian-api\1.1.2\apiguardian-api-1.1.2.jar;C:\Users\srinu\.m2\repository\org\junit\jupiter\junit-jupiter-params\5.10.2\junit-jupiter-params-5.10.2.jar;"/>
    <property name="sun.cpu.endian" value="little"/>
    <property name="user.home" value="C:\Users\srinu"/>
    <property name="user.language" value="en"/>
    <property name="java.specification.vendor" value="Oracle Corporation"/>
    <property name="java.version.date" value="2023-04-18"/>
    <property name="java.home" value="C:\Program Files\Java\jdk-17"/>
    <property name="file.separator" value="\"/>
    <property name="style.color" value="always"/>
    <property name="basedir" value="C:\Users\srinu\eclipse-workspacesMaven\Ioc2Junittest"/>
    <property name="java.vm.compressedOopsMode" value="Zero based"/>
    <property name="line.separator" value="&#10;"/>
    <property name="java.vm.specification.vendor" value="Oracle Corporation"/>
    <property name="java.specification.name" value="Java Platform API Specification"/>
    <property name="surefire.real.class.path" value="C:\Users\srinu\AppData\Local\Temp\surefire11733892413566993578\surefirebooter1167891821863498061.jar"/>
    <property name="user.script" value=""/>
    <property name="sun.management.compiler" value="HotSpot 64-Bit Tiered Compilers"/>
    <property name="java.runtime.version" value="17.0.7+8-LTS-224"/>
    <property name="user.name" value="srinu"/>
    <property name="path.separator" value=";"/>
    <property name="os.version" value="10.0"/>
    <property name="java.runtime.name" value="Java(TM) SE Runtime Environment"/>
    <property name="file.encoding" value="Cp1252"/>
    <property name="java.vm.name" value="Java HotSpot(TM) 64-Bit Server VM"/>
    <property name="localRepository" value="C:\Users\srinu\.m2\repository"/>
    <property name="java.vendor.url.bug" value="https://bugreport.java.com/bugreport/"/>
    <property name="java.io.tmpdir" value="C:\Users\srinu\AppData\Local\Temp\"/>
    <property name="java.version" value="17.0.7"/>
    <property name="user.dir" value="C:\Users\srinu\eclipse-workspacesMaven\Ioc2Junittest"/>
    <property name="os.arch" value="amd64"/>
    <property name="java.vm.specification.name" value="Java Virtual Machine Specification"/>
    <property name="sun.os.patch.level" value=""/>
    <property name="native.encoding" value="Cp1252"/>
    <property name="java.library.path" value="C:\Program Files\Java\jdk-17\bin;C:\WINDOWS\Sun\Java\bin;C:\WINDOWS\system32;C:\WINDOWS;C:\oracle\db_home\bin;C:\Program Files\Common Files\Oracle\Java\javapath;C:\WINDOWS\system32;C:\WINDOWS;C:\WINDOWS\System32\Wbem;C:\WINDOWS\System32\WindowsPowerShell\v1.0\;C:\WINDOWS\System32\OpenSSH\;C:\Program Files\Java\jdk-20\bin;C:\Program Files\Java\jdk-17\bin;C:\Program Files\nodejs\;C:\Users\srinu\AppData\Local\Microsoft\WindowsApps;C:\Program Files\Java\jdk-17\bin;C:\Users\srinu\AppData\Local\Programs\Microsoft VS Code\bin;C:\Users\srinu\AppData\Roaming\npm;."/>
    <property name="java.vm.info" value="mixed mode, sharing"/>
    <property name="java.vendor" value="Oracle Corporation"/>
    <property name="java.vm.version" value="17.0.7+8-LTS-224"/>
    <property name="sun.io.unicode.encoding" value="UnicodeLittle"/>
    <property name="java.class.version" value="61.0"/>
  </properties>
  <testcase name="com.nt.tes.AppTest.testwithmixedvalues" classname="com.nt.tes.AppTest" time="0.002">
    <failure message="Cannot invoke &quot;com.nt.Arthametic.sum(int, int)&quot; because &quot;com.nt.tes.AppTest.arr&quot; is null" type="java.lang.NullPointerException">java.lang.NullPointerException: Cannot invoke "com.nt.Arthametic.sum(int, int)" because "com.nt.tes.AppTest.arr" is null
	at com.nt.tes.AppTest.testwithmixedvalues(AppTest.java:72)
</failure>
    <system-out><![CDATA[mixed values
]]></system-out>
  </testcase>
  <testcase name="com.nt.tes.AppTest.testwithpositives" classname="com.nt.tes.AppTest" time="0.001">
    <failure message="Cannot invoke &quot;com.nt.Arthametic.sum(int, int)&quot; because &quot;com.nt.tes.AppTest.arr&quot; is null" type="java.lang.NullPointerException">java.lang.NullPointerException: Cannot invoke "com.nt.Arthametic.sum(int, int)" because "com.nt.tes.AppTest.arr" is null
	at com.nt.tes.AppTest.testwithpositives(AppTest.java:30)
</failure>
    <system-out><![CDATA[possitive
]]></system-out>
  </testcase>
  <testcase name="com.nt.tes.AppTest.testwithzeros" classname="com.nt.tes.AppTest" time="0">
    <failure message="Cannot invoke &quot;com.nt.Arthametic.sum(int, int)&quot; because &quot;com.nt.tes.AppTest.arr&quot; is null" type="java.lang.NullPointerException">java.lang.NullPointerException: Cannot invoke "com.nt.Arthametic.sum(int, int)" because "com.nt.tes.AppTest.arr" is null
	at com.nt.tes.AppTest.testwithzeros(AppTest.java:53)
</failure>
    <system-out><![CDATA[zeros
]]></system-out>
  </testcase>
  <testcase name="com.nt.tes.AppTest.testwithnegitives" classname="com.nt.tes.AppTest" time="0">
    <failure message="Cannot invoke &quot;com.nt.Arthametic.sum(int, int)&quot; because &quot;com.nt.tes.AppTest.arr&quot; is null" type="java.lang.NullPointerException">java.lang.NullPointerException: Cannot invoke "com.nt.Arthametic.sum(int, int)" because "com.nt.tes.AppTest.arr" is null
	at com.nt.tes.AppTest.testwithnegitives(AppTest.java:42)
</failure>
    <system-out><![CDATA[negative
]]></system-out>
  </testcase>
</testsuite>